rip/platforms/android/build/outputs/logs/manifest-merger-debug-report.txt
-- Merging decision tree log ---
manifest
ADDED from platforms/android/AndroidManifest.xml:2:1-38:12
	package
		ADDED from platforms/android/AndroidManifest.xml:2:102-135
		INJECTED from platforms/android/AndroidManifest.xml
		INJECTED from platforms/android/AndroidManifest.xml
	android:versionName
		ADDED from platforms/android/AndroidManifest.xml:2:74-101
		INJECTED from platforms/android/AndroidManifest.xml
		INJECTED from platforms/android/AndroidManifest.xml
	android:hardwareAccelerated
		ADDED from platforms/android/AndroidManifest.xml:2:11-45
	android:versionCode
		ADDED from platforms/android/AndroidManifest.xml:2:46-73
		INJECTED from platforms/android/AndroidManifest.xml
		INJECTED from platforms/android/AndroidManifest.xml
	xmlns:android
		ADDED from platforms/android/AndroidManifest.xml:2:136-194
supports-screens
ADDED from platforms/android/AndroidManifest.xml:3:5-191
	android:largeScreens
		ADDED from platforms/android/AndroidManifest.xml:3:49-76
	android:smallScreens
		ADDED from platforms/android/AndroidManifest.xml:3:132-159
	android:normalScreens
		ADDED from platforms/android/AndroidManifest.xml:3:77-105
	android:xlargeScreens
		ADDED from platforms/android/AndroidManifest.xml:3:160-188
	android:resizeable
		ADDED from platforms/android/AndroidManifest.xml:3:106-131
	android:anyDensity
		ADDED from platforms/android/AndroidManifest.xml:3:23-48
uses-permission#android.permission.INTERNET
ADDED from platforms/android/AndroidManifest.xml:4:5-67
MERGED from [:tslocationmanager:] AndroidManifest.xml:16:5-67
MERGED from [com.google.android.gms:play-services-maps:9.6.1] AndroidManifest.xml:20:5-66
	android:name
		ADDED from platforms/android/AndroidManifest.xml:4:22-64
application
ADDED from platforms/android/AndroidManifest.xml:5:5-25:19
MERGED from [com.google.android.gms:play-services-location:9.6.1] AndroidManifest.xml:4:5-19
MERGED from [com.google.android.gms:play-services-base:9.6.1] AndroidManifest.xml:18:5-20:19
MERGED from [com.google.android.gms:play-services-basement:9.6.1] AndroidManifest.xml:19:5-21:19
MERGED from [com.android.support:support-v4:24.0.0] AndroidManifest.xml:25:5-20
MERGED from [com.google.android.gms:play-services-tasks:9.6.1] AndroidManifest.xml:4:5-19
MERGED from [com.google.android.gms:play-services-basement:9.6.1] AndroidManifest.xml:19:5-21:19
MERGED from [com.android.support:support-v4:24.0.0] AndroidManifest.xml:25:5-20
MERGED from [com.google.android.gms:play-services-basement:9.6.1] AndroidManifest.xml:19:5-21:19
MERGED from [com.android.support:support-v4:24.0.0] AndroidManifest.xml:25:5-20
MERGED from [com.android.volley:volley:1.0.0] AndroidManifest.xml:9:5-20
MERGED from [:tslocationmanager:] AndroidManifest.xml:21:5-25:19
MERGED from [com.google.android.gms:play-services-maps:9.6.1] AndroidManifest.xml:24:5-19
MERGED from [com.google.android.gms:play-services-base:9.6.1] AndroidManifest.xml:18:5-20:19
MERGED from [com.google.android.gms:play-services-basement:9.6.1] AndroidManifest.xml:19:5-21:19
MERGED from [com.android.support:support-v4:24.0.0] AndroidManifest.xml:25:5-20
MERGED from [com.google.android.gms:play-services-tasks:9.6.1] AndroidManifest.xml:4:5-19
MERGED from [com.google.android.gms:play-services-basement:9.6.1] AndroidManifest.xml:19:5-21:19
MERGED from [com.android.support:support-v4:24.0.0] AndroidManifest.xml:25:5-20
MERGED from [com.google.android.gms:play-services-basement:9.6.1] AndroidManifest.xml:19:5-21:19
MERGED from [com.android.support:support-v4:24.0.0] AndroidManifest.xml:25:5-20
	android:label
		ADDED from platforms/android/AndroidManifest.xml:5:83-115
	android:supportsRtl
		ADDED from platforms/android/AndroidManifest.xml:5:116-142
	android:hardwareAccelerated
		ADDED from platforms/android/AndroidManifest.xml:5:18-52
	android:icon
		ADDED from platforms/android/AndroidManifest.xml:5:53-82
	android:allowBackup
		ADDED from [:tslocationmanager:] AndroidManifest.xml:22:9-35
activity#io.cordova.hellocordova.MainActivity
ADDED from platforms/android/AndroidManifest.xml:6:9-11:20
	android:label
		ADDED from platforms/android/AndroidManifest.xml:6:97-134
	android:launchMode
		ADDED from platforms/android/AndroidManifest.xml:6:135-165
	android:windowSoftInputMode
		ADDED from platforms/android/AndroidManifest.xml:6:257-299
	android:configChanges
		ADDED from platforms/android/AndroidManifest.xml:6:19-96
	android:theme
		ADDED from platforms/android/AndroidManifest.xml:6:194-256
	android:name
		ADDED from platforms/android/AndroidManifest.xml:6:166-193
intent-filter#android.intent.action.MAIN+android.intent.category.LAUNCHER
ADDED from platforms/android/AndroidManifest.xml:7:13-10:29
	android:label
		ADDED from platforms/android/AndroidManifest.xml:7:28-65
action#android.intent.action.MAIN
ADDED from platforms/android/AndroidManifest.xml:8:17-69
	android:name
		ADDED from platforms/android/AndroidManifest.xml:8:25-66
category#android.intent.category.LAUNCHER
ADDED from platforms/android/AndroidManifest.xml:9:17-77
	android:name
		ADDED from platforms/android/AndroidManifest.xml:9:27-74
service#com.transistorsoft.locationmanager.BackgroundGeolocationService
ADDED from platforms/android/AndroidManifest.xml:12:9-99
	android:name
		ADDED from platforms/android/AndroidManifest.xml:12:18-96
service#com.transistorsoft.locationmanager.LocationService
ADDED from platforms/android/AndroidManifest.xml:13:9-86
	android:name
		ADDED from platforms/android/AndroidManifest.xml:13:18-83
service#com.transistorsoft.locationmanager.ActivityRecognitionService
ADDED from platforms/android/AndroidManifest.xml:14:9-97
	android:name
		ADDED from platforms/android/AndroidManifest.xml:14:18-94
service#com.transistorsoft.locationmanager.geofence.GeofenceService
ADDED from platforms/android/AndroidManifest.xml:15:9-95
	android:name
		ADDED from platforms/android/AndroidManifest.xml:15:18-92
service#com.transistorsoft.locationmanager.scheduler.ScheduleService
ADDED from platforms/android/AndroidManifest.xml:16:9-96
	android:name
		ADDED from platforms/android/AndroidManifest.xml:16:18-93
service#com.transistorsoft.locationmanager.scheduler.ScheduleAlarmService
ADDED from platforms/android/AndroidManifest.xml:17:9-101
	android:name
		ADDED from platforms/android/AndroidManifest.xml:17:18-98
receiver#com.transistorsoft.locationmanager.BootReceiver
ADDED from platforms/android/AndroidManifest.xml:18:9-22:20
	android:name
		ADDED from platforms/android/AndroidManifest.xml:18:19-81
intent-filter#android.intent.action.BOOT_COMPLETED
ADDED from platforms/android/AndroidManifest.xml:19:13-21:29
action#android.intent.action.BOOT_COMPLETED
ADDED from platforms/android/AndroidManifest.xml:20:17-79
	android:name
		ADDED from platforms/android/AndroidManifest.xml:20:25-76
meta-data#com.google.android.maps.v2.API_KEY
ADDED from platforms/android/AndroidManifest.xml:23:9-128
	android:value
		ADDED from platforms/android/AndroidManifest.xml:23:70-125
	android:name
		ADDED from platforms/android/AndroidManifest.xml:23:20-69
meta-data#com.google.android.gms.version
ADDED from platforms/android/AndroidManifest.xml:24:9-122
MERGED from [com.google.android.gms:play-services-basement:9.6.1] AndroidManifest.xml:20:9-121
MERGED from [com.google.android.gms:play-services-basement:9.6.1] AndroidManifest.xml:20:9-121
MERGED from [com.google.android.gms:play-services-basement:9.6.1] AndroidManifest.xml:20:9-121
MERGED from [com.google.android.gms:play-services-basement:9.6.1] AndroidManifest.xml:20:9-121
MERGED from [com.google.android.gms:play-services-basement:9.6.1] AndroidManifest.xml:20:9-121
MERGED from [com.google.android.gms:play-services-basement:9.6.1] AndroidManifest.xml:20:9-121
	android:value
		ADDED from platforms/android/AndroidManifest.xml:24:66-119
	android:name
		ADDED from platforms/android/AndroidManifest.xml:24:20-65
uses-sdk
ADDED from platforms/android/AndroidManifest.xml:26:5-74
MERGED from [com.google.android.gms:play-services-location:9.6.1] AndroidManifest.xml:3:5-42
MERGED from [com.google.android.gms:play-services-base:9.6.1] AndroidManifest.xml:17:5-42
MERGED from [com.google.android.gms:play-services-basement:9.6.1] AndroidManifest.xml:17:5-42
MERGED from [com.android.support:support-v4:24.0.0] AndroidManifest.xml:21:5-23:54
MERGED from [com.google.android.gms:play-services-tasks:9.6.1] AndroidManifest.xml:3:5-42
MERGED from [com.google.android.gms:play-services-basement:9.6.1] AndroidManifest.xml:17:5-42
MERGED from [com.android.support:support-v4:24.0.0] AndroidManifest.xml:21:5-23:54
MERGED from [com.google.android.gms:play-services-basement:9.6.1] AndroidManifest.xml:17:5-42
MERGED from [com.android.support:support-v4:24.0.0] AndroidManifest.xml:21:5-23:54
MERGED from [com.android.volley:volley:1.0.0] AndroidManifest.xml:7:5-43
MERGED from [:tslocationmanager:] AndroidManifest.xml:7:5-9:41
MERGED from [com.google.android.gms:play-services-maps:9.6.1] AndroidManifest.xml:23:5-42
MERGED from [com.google.android.gms:play-services-base:9.6.1] AndroidManifest.xml:17:5-42
MERGED from [com.google.android.gms:play-services-basement:9.6.1] AndroidManifest.xml:17:5-42
MERGED from [com.android.support:support-v4:24.0.0] AndroidManifest.xml:21:5-23:54
MERGED from [com.google.android.gms:play-services-tasks:9.6.1] AndroidManifest.xml:3:5-42
MERGED from [com.google.android.gms:play-services-basement:9.6.1] AndroidManifest.xml:17:5-42
MERGED from [com.android.support:support-v4:24.0.0] AndroidManifest.xml:21:5-23:54
MERGED from [com.google.android.gms:play-services-basement:9.6.1] AndroidManifest.xml:17:5-42
MERGED from [com.android.support:support-v4:24.0.0] AndroidManifest.xml:21:5-23:54
MERGED from [android:CordovaLib:unspecified:debug] AndroidManifest.xml:25:5-44
	tools:overrideLibrary
		ADDED from [com.android.support:support-v4:24.0.0] AndroidManifest.xml:23:9-51
	android:targetSdkVersion
		ADDED from platforms/android/AndroidManifest.xml:26:42-71
	android:minSdkVersion
		ADDED from platforms/android/AndroidManifest.xml:26:15-41
uses-feature#android.hardware.location.gps
ADDED from platforms/android/AndroidManifest.xml:27:5-66
	android:name
		ADDED from platforms/android/AndroidManifest.xml:27:19-63
uses-permission#android.permission.GET_TASKS
ADDED from platforms/android/AndroidManifest.xml:28:5-68
	android:name
		ADDED from platforms/android/AndroidManifest.xml:28:22-65
uses-permission#android.permission.ACCESS_NETWORK_STATE
ADDED from platforms/android/AndroidManifest.xml:29:5-79
MERGED from [:tslocationmanager:] AndroidManifest.xml:12:5-79
MERGED from [com.google.android.gms:play-services-maps:9.6.1] AndroidManifest.xml:19:5-78
	android:name
		ADDED from platforms/android/AndroidManifest.xml:29:22-76
uses-permission#android.permission.ACCESS_COARSE_LOCATION
ADDED from platforms/android/AndroidManifest.xml:30:5-81
MERGED from [:tslocationmanager:] AndroidManifest.xml:13:5-81
	android:name
		ADDED from platforms/android/AndroidManifest.xml:30:22-78
uses-permission#android.permission.ACCESS_FINE_LOCATION
ADDED from platforms/android/AndroidManifest.xml:31:5-79
MERGED from [:tslocationmanager:] AndroidManifest.xml:14:5-79
	android:name
		ADDED from platforms/android/AndroidManifest.xml:31:22-76
uses-permission#android.permission.ACCESS_LOCATION_EXTRA_COMMANDS
ADDED from platforms/android/AndroidManifest.xml:32:5-89
MERGED from [:tslocationmanager:] AndroidManifest.xml:15:5-89
	android:name
		ADDED from platforms/android/AndroidManifest.xml:32:22-86
uses-permission#android.permission.WAKE_LOCK
ADDED from platforms/android/AndroidManifest.xml:33:5-68
MERGED from [:tslocationmanager:] AndroidManifest.xml:17:5-68
	android:name
		ADDED from platforms/android/AndroidManifest.xml:33:22-65
uses-permission#com.google.android.gms.permission.ACTIVITY_RECOGNITION
ADDED from platforms/android/AndroidManifest.xml:34:5-94
MERGED from [:tslocationmanager:] AndroidManifest.xml:18:5-94
	android:name
		ADDED from platforms/android/AndroidManifest.xml:34:22-91
uses-permission#android.permission.RECEIVE_BOOT_COMPLETED
ADDED from platforms/android/AndroidManifest.xml:35:5-81
MERGED from [:tslocationmanager:] AndroidManifest.xml:19:5-81
	android:name
		ADDED from platforms/android/AndroidManifest.xml:35:22-78
uses-permission#com.google.android.providers.gsf.permission.READ_GSERVICES
ADDED from platforms/android/AndroidManifest.xml:36:5-98
	android:name
		ADDED from platforms/android/AndroidManifest.xml:36:22-95
uses-feature#0x00020000
ADDED from platforms/android/AndroidManifest.xml:37:5-78
MERGED from [com.google.android.gms:play-services-maps:9.6.1] AndroidManifest.xml:21:5-77
	android:glEsVersion
		ADDED from platforms/android/AndroidManifest.xml:37:19-51
	android:required
		ADDED from platforms/android/AndroidManifest.xml:37:52-75
activity#com.google.android.gms.common.api.GoogleApiActivity
ADDED from [com.google.android.gms:play-services-base:9.6.1] AndroidManifest.xml:19:9-172
MERGED from [com.google.android.gms:play-services-base:9.6.1] AndroidManifest.xml:19:9-172
	android:exported
		ADDED from [com.google.android.gms:play-services-base:9.6.1] AndroidManifest.xml:19:146-170
	android:theme
		ADDED from [com.google.android.gms:play-services-base:9.6.1] AndroidManifest.xml:19:86-145
	android:name
		ADDED from [com.google.android.gms:play-services-base:9.6.1] AndroidManifest.xml:19:19-85
uses-permission#android.permission.GET_REAL_TASKS
ADDED from [:tslocationmanager:] AndroidManifest.xml:11:5-73
	android:name
		ADDED from [:tslocationmanager:] AndroidManifest.xml:11:22-70